# JRE version: Java(TM) SE Runtime Environment (8.0_121-b13) (build 1.8.0_121-b13)
# Java VM: Java HotSpot(TM) 64-Bit Server VM (25.121-b13 mixed mode windows-amd64 compressed oops)
Heap:
 PSYoungGen      total 213504K, used 177461K [0x00000000eb380000, 0x00000000f9480000, 0x0000000100000000)
  eden space 206336K, 86% used [0x00000000eb380000,0x00000000f60cd7b8,0x00000000f7d00000)
  from space 7168K, 0% used [0x00000000f8d80000,0x00000000f8d80000,0x00000000f9480000)
  to   space 5632K, 0% used [0x00000000f7d00000,0x00000000f7d00000,0x00000000f8280000)
 ParOldGen       total 53760K, used 14258K [0x00000000c1a00000, 0x00000000c4e80000, 0x00000000eb380000)
  object space 53760K, 26% used [0x00000000c1a00000,0x00000000c27ec9c0,0x00000000c4e80000)
 Metaspace       used 37830K, capacity 39694K, committed 39936K, reserved 1085440K
  class space    used 4480K, capacity 4820K, committed 4864K, reserved 1048576K
GC Heap History (10 events):
Event: 5.235 GC heap before
{Heap before GC invocations=10 (full 1):
 PSYoungGen      total 134656K, used 4400K [0x00000000eb380000, 0x00000000f8900000, 0x0000000100000000)
  eden space 129536K, 0% used [0x00000000eb380000,0x00000000eb380000,0x00000000f3200000)
  from space 5120K, 85% used [0x00000000f3200000,0x00000000f364c368,0x00000000f3700000)
  to   space 5632K, 0% used [0x00000000f8380000,0x00000000f8380000,0x00000000f8900000)
 ParOldGen       total 44032K, used 3998K [0x00000000c1a00000, 0x00000000c4500000, 0x00000000eb380000)
  object space 44032K, 9% used [0x00000000c1a00000,0x00000000c1de7810,0x00000000c4500000)
 Metaspace       used 20501K, capacity 21074K, committed 21296K, reserved 1069056K
  class space    used 2431K, capacity 2585K, committed 2688K, reserved 1048576K
Event: 5.344 GC heap after
Heap after GC invocations=10 (full 1):
 PSYoungGen      total 134656K, used 0K [0x00000000eb380000, 0x00000000f8900000, 0x0000000100000000)
  eden space 129536K, 0% used [0x00000000eb380000,0x00000000eb380000,0x00000000f3200000)
  from space 5120K, 0% used [0x00000000f3200000,0x00000000f3200000,0x00000000f3700000)
  to   space 5632K, 0% used [0x00000000f8380000,0x00000000f8380000,0x00000000f8900000)
 ParOldGen       total 32768K, used 7080K [0x00000000c1a00000, 0x00000000c3a00000, 0x00000000eb380000)
  object space 32768K, 21% used [0x00000000c1a00000,0x00000000c20ea070,0x00000000c3a00000)
 Metaspace       used 20499K, capacity 21068K, committed 21296K, reserved 1069056K
  class space    used 2430K, capacity 2584K, committed 2688K, reserved 1048576K
}
Event: 7.496 GC heap before
{Heap before GC invocations=11 (full 1):
 PSYoungGen      total 134656K, used 129536K [0x00000000eb380000, 0x00000000f8900000, 0x0000000100000000)
  eden space 129536K, 100% used [0x00000000eb380000,0x00000000f3200000,0x00000000f3200000)
  from space 5120K, 0% used [0x00000000f3200000,0x00000000f3200000,0x00000000f3700000)
  to   space 5632K, 0% used [0x00000000f8380000,0x00000000f8380000,0x00000000f8900000)
 ParOldGen       total 32768K, used 7080K [0x00000000c1a00000, 0x00000000c3a00000, 0x00000000eb380000)
  object space 32768K, 21% used [0x00000000c1a00000,0x00000000c20ea070,0x00000000c3a00000)
 Metaspace       used 25049K, capacity 25738K, committed 25984K, reserved 1073152K
  class space    used 2976K, capacity 3159K, committed 3200K, reserved 1048576K
Event: 7.512 GC heap after
Heap after GC invocations=11 (full 1):
 PSYoungGen      total 174080K, used 4519K [0x00000000eb380000, 0x00000000f8800000, 0x0000000100000000)
  eden space 169472K, 0% used [0x00000000eb380000,0x00000000eb380000,0x00000000f5900000)
  from space 4608K, 98% used [0x00000000f8380000,0x00000000f87e9f98,0x00000000f8800000)
  to   space 5632K, 0% used [0x00000000f7d00000,0x00000000f7d00000,0x00000000f8280000)
 ParOldGen       total 32768K, used 7088K [0x00000000c1a00000, 0x00000000c3a00000, 0x00000000eb380000)
  object space 32768K, 21% used [0x00000000c1a00000,0x00000000c20ec070,0x00000000c3a00000)
 Metaspace       used 25049K, capacity 25738K, committed 25984K, reserved 1073152K
  class space    used 2976K, capacity 3159K, committed 3200K, reserved 1048576K
}
Event: 10.132 GC heap before
{Heap before GC invocations=12 (full 1):
 PSYoungGen      total 174080K, used 173991K [0x00000000eb380000, 0x00000000f8800000, 0x0000000100000000)
  eden space 169472K, 100% used [0x00000000eb380000,0x00000000f5900000,0x00000000f5900000)
  from space 4608K, 98% used [0x00000000f8380000,0x00000000f87e9f98,0x00000000f8800000)
  to   space 5632K, 0% used [0x00000000f7d00000,0x00000000f7d00000,0x00000000f8280000)
 ParOldGen       total 32768K, used 7088K [0x00000000c1a00000, 0x00000000c3a00000, 0x00000000eb380000)
  object space 32768K, 21% used [0x00000000c1a00000,0x00000000c20ec070,0x00000000c3a00000)
 Metaspace       used 28697K, capacity 29562K, committed 29696K, reserved 1075200K
  class space    used 3354K, capacity 3562K, committed 3584K, reserved 1048576K
Event: 10.145 GC heap after
Heap after GC invocations=12 (full 1):
 PSYoungGen      total 211968K, used 5617K [0x00000000eb380000, 0x00000000f9480000, 0x0000000100000000)
  eden space 206336K, 0% used [0x00000000eb380000,0x00000000eb380000,0x00000000f7d00000)
  from space 5632K, 99% used [0x00000000f7d00000,0x00000000f827c670,0x00000000f8280000)
  to   space 7168K, 0% used [0x00000000f8d80000,0x00000000f8d80000,0x00000000f9480000)
 ParOldGen       total 32768K, used 9004K [0x00000000c1a00000, 0x00000000c3a00000, 0x00000000eb380000)
  object space 32768K, 27% used [0x00000000c1a00000,0x00000000c22cb1b8,0x00000000c3a00000)
 Metaspace       used 28697K, capacity 29562K, committed 29696K, reserved 1075200K
  class space    used 3354K, capacity 3562K, committed 3584K, reserved 1048576K
}
Event: 14.352 GC heap before
{Heap before GC invocations=13 (full 1):
 PSYoungGen      total 211968K, used 152724K [0x00000000eb380000, 0x00000000f9480000, 0x0000000100000000)
  eden space 206336K, 71% used [0x00000000eb380000,0x00000000f4328d88,0x00000000f7d00000)
  from space 5632K, 99% used [0x00000000f7d00000,0x00000000f827c670,0x00000000f8280000)
  to   space 7168K, 0% used [0x00000000f8d80000,0x00000000f8d80000,0x00000000f9480000)
 ParOldGen       total 32768K, used 9004K [0x00000000c1a00000, 0x00000000c3a00000, 0x00000000eb380000)
  object space 32768K, 27% used [0x00000000c1a00000,0x00000000c22cb1b8,0x00000000c3a00000)
 Metaspace       used 34105K, capacity 35402K, committed 35496K, reserved 1081344K
  class space    used 4053K, capacity 4302K, committed 4352K, reserved 1048576K
Event: 14.369 GC heap after
Heap after GC invocations=13 (full 1):
 PSYoungGen      total 213504K, used 6779K [0x00000000eb380000, 0x00000000f9480000, 0x0000000100000000)
  eden space 206336K, 0% used [0x00000000eb380000,0x00000000eb380000,0x00000000f7d00000)
  from space 7168K, 94% used [0x00000000f8d80000,0x00000000f941ef60,0x00000000f9480000)
  to   space 5632K, 0% used [0x00000000f7d00000,0x00000000f7d00000,0x00000000f8280000)
 ParOldGen       total 32768K, used 12272K [0x00000000c1a00000, 0x00000000c3a00000, 0x00000000eb380000)
  object space 32768K, 37% used [0x00000000c1a00000,0x00000000c25fc000,0x00000000c3a00000)
 Metaspace       used 34105K, capacity 35402K, committed 35496K, reserved 1081344K
  class space    used 4053K, capacity 4302K, committed 4352K, reserved 1048576K
}
Event: 14.369 GC heap before
{Heap before GC invocations=14 (full 2):
 PSYoungGen      total 213504K, used 6779K [0x00000000eb380000, 0x00000000f9480000, 0x0000000100000000)
  eden space 206336K, 0% used [0x00000000eb380000,0x00000000eb380000,0x00000000f7d00000)
  from space 7168K, 94% used [0x00000000f8d80000,0x00000000f941ef60,0x00000000f9480000)
  to   space 5632K, 0% used [0x00000000f7d00000,0x00000000f7d00000,0x00000000f8280000)
 ParOldGen       total 32768K, used 12272K [0x00000000c1a00000, 0x00000000c3a00000, 0x00000000eb380000)
  object space 32768K, 37% used [0x00000000c1a00000,0x00000000c25fc000,0x00000000c3a00000)
 Metaspace       used 34105K, capacity 35402K, committed 35496K, reserved 1081344K
  class space    used 4053K, capacity 4302K, committed 4352K, reserved 1048576K
Event: 14.452 GC heap after
Heap after GC invocations=14 (full 2):
 PSYoungGen      total 213504K, used 0K [0x00000000eb380000, 0x00000000f9480000, 0x0000000100000000)
  eden space 206336K, 0% used [0x00000000eb380000,0x00000000eb380000,0x00000000f7d00000)
  from space 7168K, 0% used [0x00000000f8d80000,0x00000000f8d80000,0x00000000f9480000)
  to   space 5632K, 0% used [0x00000000f7d00000,0x00000000f7d00000,0x00000000f8280000)
 ParOldGen       total 53760K, used 14258K [0x00000000c1a00000, 0x00000000c4e80000, 0x00000000eb380000)
  object space 53760K, 26% used [0x00000000c1a00000,0x00000000c27ec9c0,0x00000000c4e80000)
 Metaspace       used 34105K, capacity 35402K, committed 35496K, reserved 1081344K
  class space    used 4053K, capacity 4302K, committed 4352K, reserved 1048576K
}

