# JRE version: Java(TM) SE Runtime Environment (8.0_121-b13) (build 1.8.0_121-b13)
# Java VM: Java HotSpot(TM) 64-Bit Server VM (25.121-b13 mixed mode windows-amd64 compressed oops)
Heap:
 PSYoungGen      total 138752K, used 49415K [0x00000000eb380000, 0x00000000f4b00000, 0x0000000100000000)
  eden space 127488K, 38% used [0x00000000eb380000,0x00000000ee3c1c80,0x00000000f3000000)
  from space 11264K, 0% used [0x00000000f3b00000,0x00000000f3b00000,0x00000000f4600000)
  to   space 11264K, 0% used [0x00000000f3000000,0x00000000f3000000,0x00000000f3b00000)
 ParOldGen       total 51200K, used 9887K [0x00000000c1a00000, 0x00000000c4c00000, 0x00000000eb380000)
  object space 51200K, 19% used [0x00000000c1a00000,0x00000000c23a7cc8,0x00000000c4c00000)
 Metaspace       used 35651K, capacity 38030K, committed 38272K, reserved 1083392K
  class space    used 4731K, capacity 5125K, committed 5248K, reserved 1048576K
GC Heap History (10 events):
Event: 13.630 GC heap before
{Heap before GC invocations=9 (full 1):
 PSYoungGen      total 72704K, used 72137K [0x00000000eb380000, 0x00000000f2680000, 0x0000000100000000)
  eden space 65536K, 100% used [0x00000000eb380000,0x00000000ef380000,0x00000000ef380000)
  from space 7168K, 92% used [0x00000000ef380000,0x00000000ef9f2758,0x00000000efa80000)
  to   space 8192K, 0% used [0x00000000f1e80000,0x00000000f1e80000,0x00000000f2680000)
 ParOldGen       total 34816K, used 5921K [0x00000000c1a00000, 0x00000000c3c00000, 0x00000000eb380000)
  object space 34816K, 17% used [0x00000000c1a00000,0x00000000c1fc8540,0x00000000c3c00000)
 Metaspace       used 31494K, capacity 33318K, committed 33536K, reserved 1079296K
  class space    used 4192K, capacity 4522K, committed 4608K, reserved 1048576K
Event: 13.659 GC heap after
Heap after GC invocations=9 (full 1):
 PSYoungGen      total 105984K, used 8178K [0x00000000eb380000, 0x00000000f2800000, 0x0000000100000000)
  eden space 97792K, 0% used [0x00000000eb380000,0x00000000eb380000,0x00000000f1300000)
  from space 8192K, 99% used [0x00000000f1e80000,0x00000000f267ca88,0x00000000f2680000)
  to   space 10752K, 0% used [0x00000000f1300000,0x00000000f1300000,0x00000000f1d80000)
 ParOldGen       total 34816K, used 9785K [0x00000000c1a00000, 0x00000000c3c00000, 0x00000000eb380000)
  object space 34816K, 28% used [0x00000000c1a00000,0x00000000c238e560,0x00000000c3c00000)
 Metaspace       used 31494K, capacity 33318K, committed 33536K, reserved 1079296K
  class space    used 4192K, capacity 4522K, committed 4608K, reserved 1048576K
}
Event: 14.448 GC heap before
{Heap before GC invocations=10 (full 1):
 PSYoungGen      total 105984K, used 28281K [0x00000000eb380000, 0x00000000f2800000, 0x0000000100000000)
  eden space 97792K, 20% used [0x00000000eb380000,0x00000000ec721af8,0x00000000f1300000)
  from space 8192K, 99% used [0x00000000f1e80000,0x00000000f267ca88,0x00000000f2680000)
  to   space 10752K, 0% used [0x00000000f1300000,0x00000000f1300000,0x00000000f1d80000)
 ParOldGen       total 34816K, used 9785K [0x00000000c1a00000, 0x00000000c3c00000, 0x00000000eb380000)
  object space 34816K, 28% used [0x00000000c1a00000,0x00000000c238e560,0x00000000c3c00000)
 Metaspace       used 33329K, capacity 35426K, committed 35496K, reserved 1079296K
  class space    used 4463K, capacity 4820K, committed 4864K, reserved 1048576K
Event: 14.460 GC heap after
Heap after GC invocations=10 (full 1):
 PSYoungGen      total 108544K, used 8167K [0x00000000eb380000, 0x00000000f4600000, 0x0000000100000000)
  eden space 97792K, 0% used [0x00000000eb380000,0x00000000eb380000,0x00000000f1300000)
  from space 10752K, 75% used [0x00000000f1300000,0x00000000f1af9ee0,0x00000000f1d80000)
  to   space 11264K, 0% used [0x00000000f3b00000,0x00000000f3b00000,0x00000000f4600000)
 ParOldGen       total 34816K, used 9793K [0x00000000c1a00000, 0x00000000c3c00000, 0x00000000eb380000)
  object space 34816K, 28% used [0x00000000c1a00000,0x00000000c2390560,0x00000000c3c00000)
 Metaspace       used 33329K, capacity 35426K, committed 35496K, reserved 1079296K
  class space    used 4463K, capacity 4820K, committed 4864K, reserved 1048576K
}
Event: 14.460 GC heap before
{Heap before GC invocations=11 (full 2):
 PSYoungGen      total 108544K, used 8167K [0x00000000eb380000, 0x00000000f4600000, 0x0000000100000000)
  eden space 97792K, 0% used [0x00000000eb380000,0x00000000eb380000,0x00000000f1300000)
  from space 10752K, 75% used [0x00000000f1300000,0x00000000f1af9ee0,0x00000000f1d80000)
  to   space 11264K, 0% used [0x00000000f3b00000,0x00000000f3b00000,0x00000000f4600000)
 ParOldGen       total 34816K, used 9793K [0x00000000c1a00000, 0x00000000c3c00000, 0x00000000eb380000)
  object space 34816K, 28% used [0x00000000c1a00000,0x00000000c2390560,0x00000000c3c00000)
 Metaspace       used 33329K, capacity 35426K, committed 35496K, reserved 1079296K
  class space    used 4463K, capacity 4820K, committed 4864K, reserved 1048576K
Event: 14.523 GC heap after
Heap after GC invocations=11 (full 2):
 PSYoungGen      total 108544K, used 0K [0x00000000eb380000, 0x00000000f4600000, 0x0000000100000000)
  eden space 97792K, 0% used [0x00000000eb380000,0x00000000eb380000,0x00000000f1300000)
  from space 10752K, 0% used [0x00000000f1300000,0x00000000f1300000,0x00000000f1d80000)
  to   space 11264K, 0% used [0x00000000f3b00000,0x00000000f3b00000,0x00000000f4600000)
 ParOldGen       total 51200K, used 12240K [0x00000000c1a00000, 0x00000000c4c00000, 0x00000000eb380000)
  object space 51200K, 23% used [0x00000000c1a00000,0x00000000c25f4228,0x00000000c4c00000)
 Metaspace       used 33329K, capacity 35426K, committed 35496K, reserved 1079296K
  class space    used 4463K, capacity 4820K, committed 4864K, reserved 1048576K
}
Event: 8596.572 GC heap before
{Heap before GC invocations=12 (full 2):
 PSYoungGen      total 108544K, used 86787K [0x00000000eb380000, 0x00000000f4600000, 0x0000000100000000)
  eden space 97792K, 88% used [0x00000000eb380000,0x00000000f0840fd0,0x00000000f1300000)
  from space 10752K, 0% used [0x00000000f1300000,0x00000000f1300000,0x00000000f1d80000)
  to   space 11264K, 0% used [0x00000000f3b00000,0x00000000f3b00000,0x00000000f4600000)
 ParOldGen       total 51200K, used 12240K [0x00000000c1a00000, 0x00000000c4c00000, 0x00000000eb380000)
  object space 51200K, 23% used [0x00000000c1a00000,0x00000000c25f4228,0x00000000c4c00000)
 Metaspace       used 35450K, capacity 37680K, committed 38016K, reserved 1081344K
  class space    used 4730K, capacity 5126K, committed 5248K, reserved 1048576K
Event: 8596.716 GC heap after
Heap after GC invocations=12 (full 2):
 PSYoungGen      total 138752K, used 1625K [0x00000000eb380000, 0x00000000f4b00000, 0x0000000100000000)
  eden space 127488K, 0% used [0x00000000eb380000,0x00000000eb380000,0x00000000f3000000)
  from space 11264K, 14% used [0x00000000f3b00000,0x00000000f3c96550,0x00000000f4600000)
  to   space 11264K, 0% used [0x00000000f3000000,0x00000000f3000000,0x00000000f3b00000)
 ParOldGen       total 51200K, used 12248K [0x00000000c1a00000, 0x00000000c4c00000, 0x00000000eb380000)
  object space 51200K, 23% used [0x00000000c1a00000,0x00000000c25f6228,0x00000000c4c00000)
 Metaspace       used 35450K, capacity 37680K, committed 38016K, reserved 1081344K
  class space    used 4730K, capacity 5126K, committed 5248K, reserved 1048576K
}
Event: 8596.716 GC heap before
{Heap before GC invocations=13 (full 3):
 PSYoungGen      total 138752K, used 1625K [0x00000000eb380000, 0x00000000f4b00000, 0x0000000100000000)
  eden space 127488K, 0% used [0x00000000eb380000,0x00000000eb380000,0x00000000f3000000)
  from space 11264K, 14% used [0x00000000f3b00000,0x00000000f3c96550,0x00000000f4600000)
  to   space 11264K, 0% used [0x00000000f3000000,0x00000000f3000000,0x00000000f3b00000)
 ParOldGen       total 51200K, used 12248K [0x00000000c1a00000, 0x00000000c4c00000, 0x00000000eb380000)
  object space 51200K, 23% used [0x00000000c1a00000,0x00000000c25f6228,0x00000000c4c00000)
 Metaspace       used 35450K, capacity 37680K, committed 38016K, reserved 1081344K
  class space    used 4730K, capacity 5126K, committed 5248K, reserved 1048576K
Event: 8597.134 GC heap after
Heap after GC invocations=13 (full 3):
 PSYoungGen      total 138752K, used 0K [0x00000000eb380000, 0x00000000f4b00000, 0x0000000100000000)
  eden space 127488K, 0% used [0x00000000eb380000,0x00000000eb380000,0x00000000f3000000)
  from space 11264K, 0% used [0x00000000f3b00000,0x00000000f3b00000,0x00000000f4600000)
  to   space 11264K, 0% used [0x00000000f3000000,0x00000000f3000000,0x00000000f3b00000)
 ParOldGen       total 51200K, used 9887K [0x00000000c1a00000, 0x00000000c4c00000, 0x00000000eb380000)
  object space 51200K, 19% used [0x00000000c1a00000,0x00000000c23a7cc8,0x00000000c4c00000)
 Metaspace       used 35329K, capacity 37486K, committed 38016K, reserved 1081344K
  class space    used 4709K, capacity 5089K, committed 5248K, reserved 1048576K
}

